TN:
SF:src\app.js
FN:52,(anonymous_0)
FN:74,(anonymous_1)
FN:128,(anonymous_2)
FN:139,(anonymous_3)
FN:146,(anonymous_4)
FN:152,(anonymous_5)
FN:157,(anonymous_6)
FNF:7
FNH:1
FNDA:0,(anonymous_0)
FNDA:0,(anonymous_1)
FNDA:1,(anonymous_2)
FNDA:0,(anonymous_3)
FNDA:0,(anonymous_4)
FNDA:0,(anonymous_5)
FNDA:0,(anonymous_6)
DA:1,4
DA:2,4
DA:3,4
DA:4,4
DA:5,4
DA:8,4
DA:17,4
DA:20,4
DA:21,4
DA:22,4
DA:23,4
DA:24,4
DA:25,4
DA:26,4
DA:29,4
DA:32,4
DA:35,4
DA:36,4
DA:39,4
DA:42,4
DA:45,4
DA:46,4
DA:49,4
DA:52,4
DA:53,0
DA:61,4
DA:62,4
DA:65,4
DA:66,4
DA:67,4
DA:68,4
DA:69,4
DA:70,4
DA:71,4
DA:74,4
DA:75,0
DA:128,4
DA:129,1
DA:136,4
DA:139,4
DA:140,0
DA:142,0
DA:146,4
DA:147,0
DA:148,0
DA:152,4
DA:153,0
DA:154,0
DA:157,4
DA:158,0
DA:159,0
DA:162,4
LF:52
LH:42
BRDA:57,0,0,0
BRDA:57,0,1,0
BRF:2
BRH:0
end_of_record
TN:
SF:src\config\logger.js
FNF:0
FNH:0
DA:1,4
DA:2,4
DA:4,4
DA:26,4
DA:27,4
DA:35,4
LF:6
LH:6
BRDA:5,0,0,0
BRDA:5,0,1,4
BRDA:26,1,0,4
BRDA:26,1,1,0
BRF:4
BRH:2
end_of_record
TN:
SF:src\config\socket.js
FN:7,(anonymous_0)
FN:32,(anonymous_1)
FN:35,(anonymous_2)
FN:61,(anonymous_3)
FN:92,(anonymous_4)
FN:136,(anonymous_5)
FN:166,(anonymous_6)
FN:197,(anonymous_7)
FN:241,(anonymous_8)
FN:267,(anonymous_9)
FN:282,(anonymous_10)
FN:289,(anonymous_11)
FN:296,(anonymous_12)
FN:335,(anonymous_13)
FN:346,(anonymous_14)
FN:362,(anonymous_15)
FN:366,(anonymous_16)
FN:370,(anonymous_17)
FN:384,(anonymous_18)
FNF:19
FNH:0
FNDA:0,(anonymous_0)
FNDA:0,(anonymous_1)
FNDA:0,(anonymous_2)
FNDA:0,(anonymous_3)
FNDA:0,(anonymous_4)
FNDA:0,(anonymous_5)
FNDA:0,(anonymous_6)
FNDA:0,(anonymous_7)
FNDA:0,(anonymous_8)
FNDA:0,(anonymous_9)
FNDA:0,(anonymous_10)
FNDA:0,(anonymous_11)
FNDA:0,(anonymous_12)
FNDA:0,(anonymous_13)
FNDA:0,(anonymous_14)
FNDA:0,(anonymous_15)
FNDA:0,(anonymous_16)
FNDA:0,(anonymous_17)
FNDA:0,(anonymous_18)
DA:1,0
DA:2,0
DA:3,0
DA:4,0
DA:7,0
DA:8,0
DA:9,0
DA:11,0
DA:12,0
DA:15,0
DA:16,0
DA:18,0
DA:19,0
DA:22,0
DA:23,0
DA:24,0
DA:26,0
DA:27,0
DA:32,0
DA:34,0
DA:35,0
DA:45,0
DA:55,0
DA:58,0
DA:59,0
DA:61,0
DA:62,0
DA:63,0
DA:65,0
DA:68,0
DA:76,0
DA:79,0
DA:80,0
DA:81,0
DA:83,0
DA:85,0
DA:86,0
DA:88,0
DA:92,0
DA:93,0
DA:94,0
DA:96,0
DA:98,0
DA:99,0
DA:106,0
DA:107,0
DA:108,0
DA:110,0
DA:111,0
DA:112,0
DA:113,0
DA:119,0
DA:120,0
DA:122,0
DA:123,0
DA:125,0
DA:127,0
DA:130,0
DA:131,0
DA:136,0
DA:137,0
DA:139,0
DA:140,0
DA:141,0
DA:143,0
DA:153,0
DA:160,0
DA:161,0
DA:166,0
DA:167,0
DA:168,0
DA:170,0
DA:171,0
DA:173,0
DA:185,0
DA:191,0
DA:192,0
DA:197,0
DA:198,0
DA:199,0
DA:200,0
DA:202,0
DA:203,0
DA:212,0
DA:213,0
DA:215,0
DA:226,0
DA:232,0
DA:235,0
DA:236,0
DA:241,0
DA:242,0
DA:244,0
DA:245,0
DA:248,0
DA:254,0
DA:256,0
DA:261,0
DA:262,0
DA:267,0
DA:268,0
DA:269,0
DA:275,0
DA:277,0
DA:282,0
DA:283,0
DA:289,0
DA:290,0
DA:296,0
DA:297,0
DA:300,0
DA:303,0
DA:304,0
DA:306,0
DA:307,0
DA:308,0
DA:309,0
DA:315,0
DA:319,0
DA:331,0
DA:335,0
DA:336,0
DA:337,0
DA:339,0
DA:346,0
DA:347,0
DA:348,0
DA:352,0
DA:353,0
DA:355,0
DA:362,0
DA:363,0
DA:366,0
DA:367,0
DA:370,0
DA:371,0
DA:377,0
DA:378,0
DA:380,0
DA:384,0
DA:385,0
DA:391,0
DA:392,0
DA:394,0
DA:398,0
DA:409,0
LF:146
LH:0
BRDA:9,0,0,0
BRDA:9,0,1,0
BRDA:11,1,0,0
BRDA:11,1,1,0
BRDA:18,2,0,0
BRDA:18,2,1,0
BRDA:18,3,0,0
BRDA:18,3,1,0
BRDA:34,4,0,0
BRDA:34,4,1,0
BRDA:37,5,0,0
BRDA:37,5,1,0
BRDA:79,6,0,0
BRDA:79,6,1,0
BRDA:79,7,0,0
BRDA:79,7,1,0
BRDA:85,8,0,0
BRDA:85,8,1,0
BRDA:96,9,0,0
BRDA:96,9,1,0
BRDA:96,10,0,0
BRDA:96,10,1,0
BRDA:98,11,0,0
BRDA:98,11,1,0
BRDA:106,12,0,0
BRDA:106,12,1,0
BRDA:106,13,0,0
BRDA:106,13,1,0
BRDA:110,14,0,0
BRDA:110,14,1,0
BRDA:112,15,0,0
BRDA:112,15,1,0
BRDA:122,16,0,0
BRDA:122,16,1,0
BRDA:139,17,0,0
BRDA:139,17,1,0
BRDA:139,18,0,0
BRDA:139,18,1,0
BRDA:170,19,0,0
BRDA:170,19,1,0
BRDA:170,20,0,0
BRDA:170,20,1,0
BRDA:199,21,0,0
BRDA:199,21,1,0
BRDA:199,22,0,0
BRDA:199,22,1,0
BRDA:202,23,0,0
BRDA:202,23,1,0
BRDA:212,24,0,0
BRDA:212,24,1,0
BRDA:212,25,0,0
BRDA:212,25,1,0
BRDA:303,26,0,0
BRDA:303,26,1,0
BRDA:303,27,0,0
BRDA:303,27,1,0
BRDA:306,28,0,0
BRDA:306,28,1,0
BRDA:308,29,0,0
BRDA:308,29,1,0
BRDA:336,30,0,0
BRDA:336,30,1,0
BRDA:336,31,0,0
BRDA:336,31,1,0
BRDA:347,32,0,0
BRDA:347,32,1,0
BRDA:352,33,0,0
BRDA:352,33,1,0
BRDA:352,34,0,0
BRDA:352,34,1,0
BRDA:370,35,0,0
BRDA:377,36,0,0
BRDA:377,36,1,0
BRDA:384,37,0,0
BRDA:391,38,0,0
BRDA:391,38,1,0
BRF:76
BRH:0
end_of_record
TN:
SF:src\controllers\adminController.js
FN:9,(anonymous_0)
FN:93,(anonymous_1)
FN:140,(anonymous_2)
FN:203,(anonymous_3)
FN:250,(anonymous_4)
FN:330,(anonymous_5)
FNF:6
FNH:0
FNDA:0,(anonymous_0)
FNDA:0,(anonymous_1)
FNDA:0,(anonymous_2)
FNDA:0,(anonymous_3)
FNDA:0,(anonymous_4)
FNDA:0,(anonymous_5)
DA:1,4
DA:2,4
DA:3,4
DA:4,4
DA:9,4
DA:10,0
DA:20,0
DA:23,0
DA:25,0
DA:26,0
DA:33,0
DA:34,0
DA:35,0
DA:38,0
DA:39,0
DA:42,0
DA:45,0
DA:52,0
DA:55,0
DA:56,0
DA:57,0
DA:59,0
DA:67,0
DA:82,0
DA:83,0
DA:93,4
DA:94,0
DA:95,0
DA:98,0
DA:99,0
DA:106,0
DA:107,0
DA:112,0
DA:117,0
DA:129,0
DA:130,0
DA:140,4
DA:141,0
DA:142,0
DA:143,0
DA:146,0
DA:147,0
DA:153,0
DA:154,0
DA:155,0
DA:156,0
DA:158,0
DA:159,0
DA:164,0
DA:167,0
DA:173,0
DA:174,0
DA:180,0
DA:186,0
DA:192,0
DA:193,0
DA:203,4
DA:204,0
DA:205,0
DA:208,0
DA:209,0
DA:215,0
DA:216,0
DA:217,0
DA:224,0
DA:225,0
DA:226,0
DA:228,0
DA:234,0
DA:239,0
DA:240,0
DA:250,4
DA:251,0
DA:253,0
DA:254,0
DA:255,0
DA:256,0
DA:257,0
DA:258,0
DA:261,0
DA:262,0
DA:267,0
DA:268,0
DA:269,0
DA:270,0
DA:273,0
DA:274,0
DA:279,0
DA:280,0
DA:287,0
DA:291,0
DA:319,0
DA:320,0
DA:330,4
DA:331,0
DA:332,0
DA:333,0
DA:336,0
DA:342,0
DA:349,0
DA:355,0
DA:359,0
DA:368,0
DA:369,0
DA:376,4
LF:105
LH:11
BRDA:12,0,0,0
BRDA:13,1,0,0
BRDA:14,2,0,0
BRDA:15,3,0,0
BRDA:16,4,0,0
BRDA:17,5,0,0
BRDA:18,6,0,0
BRDA:19,7,0,0
BRDA:25,8,0,0
BRDA:25,8,1,0
BRDA:33,9,0,0
BRDA:33,9,1,0
BRDA:34,10,0,0
BRDA:34,10,1,0
BRDA:35,11,0,0
BRDA:35,11,1,0
BRDA:39,12,0,0
BRDA:39,12,1,0
BRDA:98,13,0,0
BRDA:98,13,1,0
BRDA:124,14,0,0
BRDA:124,14,1,0
BRDA:146,15,0,0
BRDA:146,15,1,0
BRDA:146,16,0,0
BRDA:146,16,1,0
BRDA:154,17,0,0
BRDA:154,17,1,0
BRDA:155,18,0,0
BRDA:155,18,1,0
BRDA:156,19,0,0
BRDA:156,19,1,0
BRDA:156,20,0,0
BRDA:156,20,1,0
BRDA:158,21,0,0
BRDA:158,21,1,0
BRDA:158,22,0,0
BRDA:158,22,1,0
BRDA:173,23,0,0
BRDA:173,23,1,0
BRDA:208,24,0,0
BRDA:208,24,1,0
BRDA:216,25,0,0
BRDA:216,25,1,0
BRDA:332,26,0,0
BRDA:332,27,0,0
BRF:46
BRH:0
end_of_record
TN:
SF:src\controllers\alertController.js
FN:7,ok
FN:12,fail
FN:17,createAlert
FN:22,(anonymous_3)
FN:39,getAlerts
FN:62,getAlertById
FN:76,updateAlert
FN:115,deleteAlert
FN:137,markAlertAsRead
FN:145,(anonymous_9)
FN:160,getNearbyAlerts
FN:186,getAlertStats
FN:197,(anonymous_12)
FN:199,(anonymous_13)
FNF:14
FNH:13
FNDA:19,ok
FNDA:8,fail
FNDA:4,createAlert
FNDA:4,(anonymous_3)
FNDA:6,getAlerts
FNDA:2,getAlertById
FNDA:4,updateAlert
FNDA:4,deleteAlert
FNDA:2,markAlertAsRead
FNDA:0,(anonymous_9)
FNDA:3,getNearbyAlerts
FNDA:2,getAlertStats
FNDA:6,(anonymous_12)
FNDA:6,(anonymous_13)
DA:1,4
DA:2,4
DA:3,4
DA:4,4
DA:8,19
DA:13,8
DA:18,4
DA:20,4
DA:21,4
DA:22,4
DA:25,3
DA:30,3
DA:31,3
DA:32,3
DA:34,0
DA:40,6
DA:41,6
DA:42,6
DA:43,6
DA:44,6
DA:45,6
DA:47,6
DA:48,6
DA:50,6
DA:55,6
DA:57,0
DA:63,2
DA:64,2
DA:65,2
DA:66,2
DA:67,1
DA:69,1
DA:71,0
DA:77,4
DA:78,4
DA:79,4
DA:80,4
DA:81,0
DA:85,4
DA:86,4
DA:87,4
DA:88,1
DA:92,3
DA:93,3
DA:94,3
DA:95,33
DA:99,3
DA:100,1
DA:102,2
DA:103,0
DA:106,2
DA:107,2
DA:108,2
DA:110,0
DA:116,4
DA:117,4
DA:118,4
DA:119,4
DA:120,1
DA:122,3
DA:123,3
DA:124,3
DA:125,1
DA:128,2
DA:129,2
DA:130,2
DA:132,0
DA:138,2
DA:139,2
DA:140,2
DA:141,2
DA:142,1
DA:145,1
DA:146,1
DA:147,0
DA:148,0
DA:150,1
DA:152,1
DA:153,1
DA:155,0
DA:161,3
DA:162,3
DA:163,3
DA:164,1
DA:166,2
DA:167,2
DA:176,2
DA:178,2
DA:179,2
DA:181,0
DA:187,2
DA:188,2
DA:189,2
DA:192,2
DA:196,2
DA:197,6
DA:198,2
DA:199,6
DA:201,2
DA:203,0
DA:207,4
LF:101
LH:89
BRDA:7,0,0,11
BRDA:7,1,0,16
BRDA:12,2,0,0
BRDA:12,3,0,0
BRDA:12,4,0,6
BRDA:21,5,0,1
BRDA:21,5,1,3
BRDA:34,6,0,0
BRDA:34,6,1,0
BRDA:41,7,0,5
BRDA:41,8,0,5
BRDA:41,9,0,5
BRDA:41,10,0,5
BRDA:43,11,0,1
BRDA:43,11,1,5
BRDA:44,12,0,1
BRDA:44,12,1,5
BRDA:45,13,0,1
BRDA:45,13,1,5
BRDA:48,14,0,1
BRDA:48,14,1,5
BRDA:57,15,0,0
BRDA:57,15,1,0
BRDA:66,16,0,1
BRDA:66,16,1,1
BRDA:80,17,0,0
BRDA:80,17,1,4
BRDA:87,18,0,1
BRDA:87,18,1,3
BRDA:87,19,0,4
BRDA:87,19,1,2
BRDA:95,20,0,6
BRDA:95,20,1,27
BRDA:99,21,0,1
BRDA:99,21,1,2
BRDA:99,22,0,3
BRDA:99,22,1,3
BRDA:99,22,2,3
BRDA:102,23,0,0
BRDA:102,23,1,2
BRDA:102,24,0,2
BRDA:102,24,1,2
BRDA:110,25,0,0
BRDA:110,25,1,0
BRDA:119,26,0,1
BRDA:119,26,1,3
BRDA:124,27,0,1
BRDA:124,27,1,2
BRDA:124,28,0,3
BRDA:124,28,1,2
BRDA:132,29,0,0
BRDA:132,29,1,0
BRDA:141,30,0,1
BRDA:141,30,1,1
BRDA:145,31,0,1
BRDA:145,31,1,0
BRDA:146,32,0,0
BRDA:146,32,1,1
BRDA:148,33,0,0
BRDA:148,33,1,0
BRDA:155,34,0,0
BRDA:155,34,1,0
BRDA:162,35,0,1
BRDA:163,36,0,1
BRDA:163,36,1,2
BRDA:163,37,0,3
BRDA:163,37,1,2
BRDA:176,38,0,1
BRDA:176,38,1,1
BRDA:181,39,0,0
BRDA:181,39,1,0
BRDA:203,40,0,0
BRDA:203,40,1,0
BRF:73
BRH:51
end_of_record
TN:
SF:src\controllers\authController.js
FN:9,(anonymous_0)
FN:118,(anonymous_1)
FN:143,(anonymous_2)
FN:219,(anonymous_3)
FN:254,(anonymous_4)
FN:324,(anonymous_5)
FN:360,(anonymous_6)
FN:400,(anonymous_7)
FN:438,(anonymous_8)
FN:478,(anonymous_9)
FNF:10
FNH:6
FNDA:3,(anonymous_0)
FNDA:0,(anonymous_1)
FNDA:3,(anonymous_2)
FNDA:2,(anonymous_3)
FNDA:1,(anonymous_4)
FNDA:2,(anonymous_5)
FNDA:0,(anonymous_6)
FNDA:0,(anonymous_7)
FNDA:0,(anonymous_8)
FNDA:1,(anonymous_9)
DA:1,4
DA:2,4
DA:3,4
DA:4,4
DA:9,4
DA:10,3
DA:20,3
DA:23,3
DA:24,3
DA:25,1
DA:32,2
DA:35,2
DA:47,2
DA:48,0
DA:49,0
DA:54,0
DA:55,0
DA:64,2
DA:65,0
DA:76,2
DA:79,2
DA:80,2
DA:83,2
DA:93,2
DA:114,0
DA:117,0
DA:118,0
DA:119,0
DA:126,0
DA:127,0
DA:133,0
DA:143,4
DA:144,3
DA:145,3
DA:148,3
DA:150,3
DA:151,1
DA:158,2
DA:159,0
DA:166,2
DA:167,2
DA:168,1
DA:175,1
DA:176,1
DA:179,1
DA:180,1
DA:182,1
DA:184,1
DA:208,0
DA:209,0
DA:219,4
DA:220,2
DA:221,2
DA:223,2
DA:243,0
DA:244,0
DA:254,4
DA:255,1
DA:256,1
DA:257,1
DA:260,1
DA:261,1
DA:262,1
DA:263,1
DA:266,1
DA:267,1
DA:268,0
DA:270,1
DA:271,0
DA:272,0
DA:273,0
DA:276,1
DA:277,0
DA:280,1
DA:286,1
DA:287,0
DA:293,1
DA:295,1
DA:313,0
DA:314,0
DA:324,4
DA:325,2
DA:326,2
DA:327,2
DA:330,2
DA:331,2
DA:332,1
DA:339,1
DA:340,1
DA:342,1
DA:344,1
DA:349,0
DA:350,0
DA:360,4
DA:361,0
DA:362,0
DA:364,0
DA:369,0
DA:370,0
DA:377,0
DA:378,0
DA:379,0
DA:380,0
DA:382,0
DA:384,0
DA:389,0
DA:390,0
DA:400,4
DA:401,0
DA:402,0
DA:404,0
DA:405,0
DA:407,0
DA:414,0
DA:415,0
DA:416,0
DA:417,0
DA:420,0
DA:422,0
DA:427,0
DA:428,0
DA:438,4
DA:439,0
DA:440,0
DA:442,0
DA:447,0
DA:448,0
DA:455,0
DA:456,0
DA:457,0
DA:458,0
DA:460,0
DA:462,0
DA:467,0
DA:468,0
DA:478,4
DA:479,1
DA:483,1
DA:485,1
DA:490,0
DA:491,0
DA:498,4
LF:142
LH:74
BRDA:24,0,0,1
BRDA:24,0,1,2
BRDA:41,1,0,2
BRDA:41,1,1,0
BRDA:47,2,0,0
BRDA:47,2,1,2
BRDA:48,3,0,0
BRDA:48,3,1,0
BRDA:48,4,0,0
BRDA:48,4,1,0
BRDA:48,4,2,0
BRDA:52,5,0,0
BRDA:52,5,1,0
BRDA:54,6,0,0
BRDA:54,6,1,0
BRDA:64,7,0,0
BRDA:64,7,1,2
BRDA:69,8,0,0
BRDA:69,8,1,0
BRDA:71,9,0,0
BRDA:71,9,1,0
BRDA:117,10,0,0
BRDA:117,10,1,0
BRDA:126,11,0,0
BRDA:126,11,1,0
BRDA:150,12,0,1
BRDA:150,12,1,2
BRDA:158,13,0,0
BRDA:158,13,1,2
BRDA:167,14,0,1
BRDA:167,14,1,1
BRDA:267,15,0,0
BRDA:267,15,1,1
BRDA:267,16,0,1
BRDA:267,16,1,1
BRDA:270,17,0,0
BRDA:270,17,1,1
BRDA:272,18,0,0
BRDA:272,18,1,0
BRDA:276,19,0,0
BRDA:276,19,1,1
BRDA:286,20,0,0
BRDA:286,20,1,1
BRDA:331,21,0,1
BRDA:331,21,1,1
BRDA:369,22,0,0
BRDA:369,22,1,0
BRDA:405,23,0,0
BRDA:405,23,1,0
BRDA:447,24,0,0
BRDA:447,24,1,0
BRF:51
BRH:18
end_of_record
TN:
SF:src\controllers\dashboardController.js
FN:11,(anonymous_0)
FN:150,(anonymous_1)
FN:154,(anonymous_2)
FN:158,(anonymous_3)
FN:181,(anonymous_4)
FN:344,(anonymous_5)
FN:348,(anonymous_6)
FN:369,(anonymous_7)
FN:585,(anonymous_8)
FN:661,(anonymous_9)
FN:692,(anonymous_10)
FN:724,(anonymous_11)
FN:758,(anonymous_12)
FNF:13
FNH:0
FNDA:0,(anonymous_0)
FNDA:0,(anonymous_1)
FNDA:0,(anonymous_2)
FNDA:0,(anonymous_3)
FNDA:0,(anonymous_4)
FNDA:0,(anonymous_5)
FNDA:0,(anonymous_6)
FNDA:0,(anonymous_7)
FNDA:0,(anonymous_8)
FNDA:0,(anonymous_9)
FNDA:0,(anonymous_10)
FNDA:0,(anonymous_11)
FNDA:0,(anonymous_12)
DA:1,4
DA:2,4
DA:3,4
DA:4,4
DA:5,4
DA:6,4
DA:11,4
DA:12,0
DA:13,0
DA:14,0
DA:15,0
DA:18,0
DA:21,0
DA:22,0
DA:23,0
DA:24,0
DA:27,0
DA:30,0
DA:31,0
DA:36,0
DA:41,0
DA:48,0
DA:59,0
DA:70,0
DA:81,0
DA:92,0
DA:100,0
DA:105,0
DA:108,0
DA:130,0
DA:137,0
DA:151,0
DA:152,0
DA:155,0
DA:156,0
DA:159,0
DA:160,0
DA:170,0
DA:171,0
DA:181,4
DA:182,0
DA:183,0
DA:184,0
DA:185,0
DA:188,0
DA:190,0
DA:192,0
DA:193,0
DA:195,0
DA:196,0
DA:198,0
DA:199,0
DA:201,0
DA:202,0
DA:204,0
DA:208,0
DA:214,0
DA:215,0
DA:227,0
DA:228,0
DA:232,0
DA:233,0
DA:237,0
DA:241,0
DA:247,0
DA:276,0
DA:288,0
DA:289,0
DA:290,0
DA:321,0
DA:322,0
DA:323,0
DA:325,0
DA:344,0
DA:348,0
DA:358,0
DA:359,0
DA:369,4
DA:370,0
DA:372,0
DA:373,0
DA:379,0
DA:382,0
DA:384,0
DA:386,0
DA:387,0
DA:389,0
DA:390,0
DA:392,0
DA:393,0
DA:395,0
DA:396,0
DA:398,0
DA:402,0
DA:432,0
DA:453,0
DA:484,0
DA:509,0
DA:551,0
DA:557,0
DA:574,0
DA:575,0
DA:585,4
DA:586,0
DA:587,0
DA:588,0
DA:589,0
DA:592,0
DA:594,0
DA:596,0
DA:597,0
DA:599,0
DA:600,0
DA:602,0
DA:603,0
DA:605,0
DA:606,0
DA:608,0
DA:611,0
DA:613,0
DA:615,0
DA:617,0
DA:637,0
DA:645,0
DA:650,0
DA:651,0
DA:661,4
DA:662,0
DA:663,0
DA:664,0
DA:665,0
DA:667,0
DA:669,0
DA:675,0
DA:680,0
DA:681,0
DA:692,4
DA:693,0
DA:694,0
DA:695,0
DA:697,0
DA:699,0
DA:712,0
DA:713,0
DA:724,4
DA:725,0
DA:727,0
DA:728,0
DA:734,0
DA:736,0
DA:741,0
DA:746,0
DA:747,0
DA:758,4
DA:759,0
DA:761,0
DA:762,0
DA:768,0
DA:770,0
DA:774,0
DA:780,0
DA:781,0
DA:789,4
LF:163
LH:15
BRDA:18,0,0,0
BRDA:18,0,1,0
BRDA:18,1,0,0
BRDA:18,1,1,0
BRDA:27,2,0,0
BRDA:27,2,1,0
BRDA:105,3,0,0
BRDA:105,3,1,0
BRDA:183,4,0,0
BRDA:190,5,0,0
BRDA:190,5,1,0
BRDA:190,5,2,0
BRDA:190,5,3,0
BRDA:190,5,4,0
BRDA:214,6,0,0
BRDA:214,6,1,0
BRDA:214,7,0,0
BRDA:214,7,1,0
BRDA:214,7,2,0
BRDA:214,7,3,0
BRDA:227,8,0,0
BRDA:227,8,1,0
BRDA:227,9,0,0
BRDA:227,9,1,0
BRDA:289,10,0,0
BRDA:289,10,1,0
BRDA:321,11,0,0
BRDA:321,11,1,0
BRDA:322,12,0,0
BRDA:322,12,1,0
BRDA:323,13,0,0
BRDA:323,13,1,0
BRDA:337,14,0,0
BRDA:337,14,1,0
BRDA:349,15,0,0
BRDA:349,15,1,0
BRDA:349,16,0,0
BRDA:349,16,1,0
BRDA:372,17,0,0
BRDA:372,17,1,0
BRDA:379,18,0,0
BRDA:384,19,0,0
BRDA:384,19,1,0
BRDA:384,19,2,0
BRDA:384,19,3,0
BRDA:384,19,4,0
BRDA:413,20,0,0
BRDA:413,20,1,0
BRDA:414,21,0,0
BRDA:414,21,1,0
BRDA:415,22,0,0
BRDA:415,22,1,0
BRDA:565,23,0,0
BRDA:565,23,1,0
BRDA:587,24,0,0
BRDA:587,25,0,0
BRDA:587,26,0,0
BRDA:594,27,0,0
BRDA:594,27,1,0
BRDA:594,27,2,0
BRDA:594,27,3,0
BRDA:594,27,4,0
BRDA:613,28,0,0
BRDA:613,28,1,0
BRDA:615,29,0,0
BRDA:615,29,1,0
BRDA:641,30,0,0
BRDA:641,30,1,0
BRDA:665,31,0,0
BRDA:665,31,1,0
BRDA:665,32,0,0
BRDA:665,32,1,0
BRDA:672,33,0,0
BRDA:672,33,1,0
BRDA:684,34,0,0
BRDA:684,34,1,0
BRDA:694,35,0,0
BRDA:695,36,0,0
BRDA:695,36,1,0
BRDA:695,37,0,0
BRDA:695,37,1,0
BRDA:703,38,0,0
BRDA:703,38,1,0
BRDA:716,39,0,0
BRDA:716,39,1,0
BRDA:727,40,0,0
BRDA:727,40,1,0
BRDA:738,41,0,0
BRDA:738,41,1,0
BRDA:750,42,0,0
BRDA:750,42,1,0
BRDA:761,43,0,0
BRDA:761,43,1,0
BRDA:784,44,0,0
BRDA:784,44,1,0
BRF:95
BRH:0
end_of_record
TN:
SF:src\controllers\exportController.js
FN:17,(anonymous_0)
FN:82,(anonymous_1)
FN:115,(anonymous_2)
FN:116,(anonymous_3)
FN:153,(anonymous_4)
FN:222,(anonymous_5)
FN:270,(anonymous_6)
FN:303,(anonymous_7)
FN:333,(anonymous_8)
FN:397,(anonymous_9)
FNF:10
FNH:0
FNDA:0,(anonymous_0)
FNDA:0,(anonymous_1)
FNDA:0,(anonymous_2)
FNDA:0,(anonymous_3)
FNDA:0,(anonymous_4)
FNDA:0,(anonymous_5)
FNDA:0,(anonymous_6)
FNDA:0,(anonymous_7)
FNDA:0,(anonymous_8)
FNDA:0,(anonymous_9)
DA:1,4
DA:2,4
DA:3,4
DA:4,4
DA:5,4
DA:6,4
DA:7,4
DA:8,4
DA:17,4
DA:18,0
DA:20,0
DA:21,0
DA:34,0
DA:37,0
DA:39,0
DA:40,0
DA:41,0
DA:42,0
DA:44,0
DA:45,0
DA:46,0
DA:49,0
DA:55,0
DA:60,0
DA:64,0
DA:65,0
DA:68,0
DA:74,0
DA:75,0
DA:82,0
DA:83,0
DA:86,0
DA:87,0
DA:88,0
DA:89,0
DA:90,0
DA:91,0
DA:92,0
DA:94,0
DA:95,0
DA:96,0
DA:97,0
DA:98,0
DA:99,0
DA:102,0
DA:103,0
DA:104,0
DA:105,0
DA:106,0
DA:107,0
DA:110,0
DA:114,0
DA:115,0
DA:116,0
DA:117,0
DA:118,0
DA:119,0
DA:121,0
DA:125,0
DA:128,0
DA:129,0
DA:130,0
DA:132,0
DA:139,0
DA:141,0
DA:142,0
DA:153,4
DA:154,0
DA:156,0
DA:157,0
DA:163,0
DA:166,0
DA:172,0
DA:174,0
DA:176,0
DA:179,0
DA:182,0
DA:183,0
DA:184,0
DA:185,0
DA:186,0
DA:187,0
DA:188,0
DA:191,0
DA:192,0
DA:193,0
DA:196,0
DA:198,0
DA:199,0
DA:200,0
DA:203,0
DA:210,0
DA:211,0
DA:222,4
DA:223,0
DA:225,0
DA:226,0
DA:236,0
DA:238,0
DA:244,0
DA:251,0
DA:258,0
DA:259,0
DA:270,4
DA:271,0
DA:273,0
DA:274,0
DA:280,0
DA:282,0
DA:291,0
DA:292,0
DA:303,4
DA:304,0
DA:306,0
DA:307,0
DA:313,0
DA:315,0
DA:321,0
DA:322,0
DA:333,4
DA:334,0
DA:336,0
DA:337,0
DA:343,0
DA:344,0
DA:346,0
DA:347,0
DA:356,0
DA:358,0
DA:359,0
DA:361,0
DA:368,0
DA:370,0
DA:371,0
DA:372,0
DA:375,0
DA:377,0
DA:385,0
DA:386,0
DA:397,4
DA:398,0
DA:400,0
DA:401,0
DA:407,0
DA:409,0
DA:411,0
DA:417,0
DA:424,0
DA:425,0
DA:433,4
LF:150
LH:16
BRDA:20,0,0,0
BRDA:20,0,1,0
BRDA:33,1,0,0
BRDA:39,2,0,0
BRDA:39,2,1,0
BRDA:39,3,0,0
BRDA:39,3,1,0
BRDA:41,4,0,0
BRDA:41,4,1,0
BRDA:42,5,0,0
BRDA:42,5,1,0
BRDA:44,6,0,0
BRDA:44,6,1,0
BRDA:45,7,0,0
BRDA:45,7,1,0
BRDA:46,8,0,0
BRDA:46,8,1,0
BRDA:60,9,0,0
BRDA:60,9,1,0
BRDA:74,10,0,0
BRDA:74,10,1,0
BRDA:92,11,0,0
BRDA:92,11,1,0
BRDA:94,12,0,0
BRDA:94,12,1,0
BRDA:95,13,0,0
BRDA:95,13,1,0
BRDA:96,14,0,0
BRDA:96,14,1,0
BRDA:97,15,0,0
BRDA:97,15,1,0
BRDA:102,16,0,0
BRDA:102,16,1,0
BRDA:103,17,0,0
BRDA:103,17,1,0
BRDA:104,18,0,0
BRDA:104,18,1,0
BRDA:105,19,0,0
BRDA:105,19,1,0
BRDA:106,20,0,0
BRDA:106,20,1,0
BRDA:107,21,0,0
BRDA:107,21,1,0
BRDA:117,22,0,0
BRDA:117,22,1,0
BRDA:117,23,0,0
BRDA:117,23,1,0
BRDA:118,24,0,0
BRDA:118,24,1,0
BRDA:118,25,0,0
BRDA:118,25,1,0
BRDA:118,25,2,0
BRDA:145,26,0,0
BRDA:145,26,1,0
BRDA:156,27,0,0
BRDA:156,27,1,0
BRDA:163,28,0,0
BRDA:174,29,0,0
BRDA:174,29,1,0
BRDA:182,30,0,0
BRDA:182,30,1,0
BRDA:206,31,0,0
BRDA:206,31,1,0
BRDA:214,32,0,0
BRDA:214,32,1,0
BRDA:225,33,0,0
BRDA:225,33,1,0
BRDA:233,34,0,0
BRDA:234,35,0,0
BRDA:235,36,0,0
BRDA:262,37,0,0
BRDA:262,37,1,0
BRDA:273,38,0,0
BRDA:273,38,1,0
BRDA:295,39,0,0
BRDA:295,39,1,0
BRDA:306,40,0,0
BRDA:306,40,1,0
BRDA:325,41,0,0
BRDA:325,41,1,0
BRDA:336,42,0,0
BRDA:336,42,1,0
BRDA:346,43,0,0
BRDA:346,43,1,0
BRDA:354,44,0,0
BRDA:355,45,0,0
BRDA:362,46,0,0
BRDA:362,46,1,0
BRDA:363,47,0,0
BRDA:363,47,1,0
BRDA:389,48,0,0
BRDA:389,48,1,0
BRDA:400,49,0,0
BRDA:400,49,1,0
BRDA:407,50,0,0
BRDA:428,51,0,0
BRDA:428,51,1,0
BRF:97
BRH:0
end_of_record
TN:
SF:src\controllers\incidentController.js
FN:9,(anonymous_0)
FN:155,(anonymous_1)
FN:202,(anonymous_2)
FN:258,(anonymous_3)
FN:294,(anonymous_4)
FN:354,(anonymous_5)
FN:402,(anonymous_6)
FN:451,(anonymous_7)
FN:501,(anonymous_8)
FN:544,(anonymous_9)
FN:549,(anonymous_10)
FN:554,(anonymous_11)
FN:582,(anonymous_12)
FN:616,(anonymous_13)
FN:736,(anonymous_14)
FN:777,(anonymous_15)
FN:809,(anonymous_16)
FNF:17
FNH:12
FNDA:4,(anonymous_0)
FNDA:4,(anonymous_1)
FNDA:2,(anonymous_2)
FNDA:1,(anonymous_3)
FNDA:3,(anonymous_4)
FNDA:3,(anonymous_5)
FNDA:3,(anonymous_6)
FNDA:2,(anonymous_7)
FNDA:1,(anonymous_8)
FNDA:2,(anonymous_9)
FNDA:2,(anonymous_10)
FNDA:2,(anonymous_11)
FNDA:0,(anonymous_12)
FNDA:0,(anonymous_13)
FNDA:0,(anonymous_14)
FNDA:0,(anonymous_15)
FNDA:0,(anonymous_16)
DA:1,4
DA:2,4
DA:3,4
DA:4,4
DA:9,4
DA:10,4
DA:32,4
DA:35,4
DA:38,4
DA:39,1
DA:41,4
DA:42,1
DA:44,4
DA:45,0
DA:49,4
DA:50,0
DA:51,0
DA:52,0
DA:56,4
DA:57,0
DA:58,0
DA:62,4
DA:63,0
DA:67,4
DA:68,0
DA:76,4
DA:77,0
DA:78,0
DA:82,4
DA:83,0
DA:87,4
DA:88,0
DA:92,4
DA:93,0
DA:97,4
DA:98,0
DA:110,4
DA:113,4
DA:114,4
DA:116,0
DA:117,4
DA:118,0
DA:119,0
DA:120,4
DA:121,0
DA:122,4
DA:123,0
DA:125,4
DA:129,4
DA:139,4
DA:142,4
DA:155,4
DA:162,4
DA:163,0
DA:177,0
DA:178,0
DA:182,4
DA:188,4
DA:190,0
DA:191,0
DA:202,4
DA:203,2
DA:204,2
DA:211,2
DA:212,1
DA:219,1
DA:222,1
DA:236,1
DA:246,0
DA:247,0
DA:258,4
DA:259,1
DA:260,1
DA:265,1
DA:268,1
DA:270,1
DA:277,1
DA:283,0
DA:284,0
DA:294,4
DA:295,3
DA:296,3
DA:298,3
DA:299,0
DA:307,3
DA:311,3
DA:312,1
DA:319,2
DA:320,1
DA:321,1
DA:324,2
DA:331,2
DA:337,2
DA:343,0
DA:344,0
DA:354,4
DA:355,3
DA:356,3
DA:358,3
DA:359,0
DA:367,3
DA:370,3
DA:371,1
DA:378,2
DA:379,2
DA:381,2
DA:386,2
DA:391,0
DA:392,0
DA:402,4
DA:403,3
DA:404,3
DA:405,3
DA:407,3
DA:408,0
DA:415,3
DA:416,1
DA:423,2
DA:425,2
DA:431,2
DA:440,0
DA:441,0
DA:451,4
DA:452,2
DA:453,2
DA:455,2
DA:456,1
DA:462,1
DA:479,1
DA:485,1
DA:490,0
DA:491,0
DA:501,4
DA:502,1
DA:504,1
DA:505,0
DA:511,1
DA:536,1
DA:537,1
DA:538,1
DA:540,1
DA:541,1
DA:544,1
DA:545,2
DA:549,1
DA:550,2
DA:554,1
DA:555,2
DA:559,1
DA:571,0
DA:572,0
DA:582,4
DA:583,0
DA:585,0
DA:586,0
DA:592,0
DA:594,0
DA:599,0
DA:604,0
DA:605,0
DA:616,4
DA:617,0
DA:618,0
DA:621,0
DA:622,0
DA:624,0
DA:715,0
DA:724,0
DA:725,0
DA:736,4
DA:737,0
DA:739,0
DA:740,0
DA:746,0
DA:748,0
DA:755,0
DA:756,0
DA:757,0
DA:760,0
DA:765,0
DA:766,0
DA:777,4
DA:778,0
DA:779,0
DA:781,0
DA:782,0
DA:788,0
DA:790,0
DA:799,0
DA:800,0
DA:809,4
DA:810,0
DA:813,0
DA:815,0
DA:816,0
DA:818,0
DA:819,0
DA:821,0
DA:822,0
DA:824,0
DA:825,0
DA:827,0
DA:828,0
DA:830,0
DA:833,0
DA:836,4
LF:206
LH:115
BRDA:12,0,0,3
BRDA:13,1,0,3
BRDA:14,2,0,4
BRDA:15,3,0,4
BRDA:21,4,0,4
BRDA:38,5,0,1
BRDA:38,5,1,3
BRDA:39,6,0,0
BRDA:39,6,1,1
BRDA:41,7,0,1
BRDA:41,7,1,3
BRDA:42,8,0,0
BRDA:42,8,1,1
BRDA:44,9,0,0
BRDA:44,9,1,4
BRDA:45,10,0,0
BRDA:45,10,1,0
BRDA:49,11,0,0
BRDA:49,11,1,4
BRDA:49,12,0,4
BRDA:49,12,1,4
BRDA:51,13,0,0
BRDA:51,13,1,0
BRDA:52,14,0,0
BRDA:52,14,1,0
BRDA:56,15,0,0
BRDA:56,15,1,4
BRDA:62,16,0,0
BRDA:62,16,1,4
BRDA:67,17,0,0
BRDA:67,17,1,4
BRDA:76,18,0,0
BRDA:76,18,1,4
BRDA:77,19,0,0
BRDA:77,19,1,0
BRDA:82,20,0,0
BRDA:82,20,1,4
BRDA:87,21,0,0
BRDA:87,21,1,4
BRDA:92,22,0,0
BRDA:92,22,1,4
BRDA:97,23,0,0
BRDA:97,23,1,4
BRDA:97,24,0,4
BRDA:97,24,1,0
BRDA:114,25,0,0
BRDA:114,25,1,4
BRDA:114,26,0,4
BRDA:114,26,1,0
BRDA:117,27,0,0
BRDA:117,27,1,4
BRDA:118,28,0,0
BRDA:118,28,1,0
BRDA:120,29,0,0
BRDA:120,29,1,4
BRDA:121,30,0,0
BRDA:121,30,1,0
BRDA:122,31,0,0
BRDA:122,31,1,4
BRDA:123,32,0,0
BRDA:123,32,1,0
BRDA:125,33,0,0
BRDA:125,33,1,4
BRDA:162,34,0,0
BRDA:162,34,1,4
BRDA:177,35,0,0
BRDA:177,35,1,0
BRDA:194,36,0,0
BRDA:194,36,1,0
BRDA:211,37,0,1
BRDA:211,37,1,1
BRDA:250,38,0,0
BRDA:250,38,1,0
BRDA:298,39,0,0
BRDA:298,39,1,3
BRDA:307,40,0,3
BRDA:307,40,1,3
BRDA:307,40,2,2
BRDA:311,41,0,1
BRDA:311,41,1,2
BRDA:319,42,0,1
BRDA:319,42,1,1
BRDA:319,43,0,2
BRDA:319,43,1,1
BRDA:358,44,0,0
BRDA:358,44,1,3
BRDA:367,45,0,3
BRDA:367,45,1,2
BRDA:370,46,0,1
BRDA:370,46,1,2
BRDA:407,47,0,0
BRDA:407,47,1,3
BRDA:415,48,0,1
BRDA:415,48,1,2
BRDA:453,49,0,1
BRDA:453,50,0,2
BRDA:455,51,0,1
BRDA:455,51,1,1
BRDA:455,52,0,2
BRDA:455,52,1,1
BRDA:504,53,0,0
BRDA:504,53,1,1
BRDA:540,54,0,1
BRDA:540,54,1,0
BRDA:545,55,0,2
BRDA:545,55,1,2
BRDA:550,56,0,2
BRDA:550,56,1,2
BRDA:555,57,0,2
BRDA:555,57,1,2
BRDA:562,58,0,1
BRDA:562,58,1,0
BRDA:563,59,0,1
BRDA:563,59,1,0
BRDA:564,60,0,1
BRDA:564,60,1,0
BRDA:585,61,0,0
BRDA:585,61,1,0
BRDA:596,62,0,0
BRDA:596,62,1,0
BRDA:608,63,0,0
BRDA:608,63,1,0
BRDA:618,64,0,0
BRDA:618,65,0,0
BRDA:728,66,0,0
BRDA:728,66,1,0
BRDA:739,67,0,0
BRDA:739,67,1,0
BRDA:750,68,0,0
BRDA:750,68,1,0
BRDA:751,69,0,0
BRDA:751,69,1,0
BRDA:755,70,0,0
BRDA:755,70,1,0
BRDA:769,71,0,0
BRDA:769,71,1,0
BRDA:781,72,0,0
BRDA:781,72,1,0
BRDA:803,73,0,0
BRDA:803,73,1,0
BRDA:813,74,0,0
BRDA:813,74,1,0
BRDA:813,74,2,0
BRDA:813,74,3,0
BRDA:813,74,4,0
BRDA:813,74,5,0
BRF:146
BRH:68
end_of_record
TN:
SF:src\middleware\auth.js
FN:6,(anonymous_0)
FN:13,(anonymous_1)
FN:20,(anonymous_2)
FN:30,(anonymous_3)
FN:93,(anonymous_4)
FN:94,(anonymous_5)
FN:114,(anonymous_6)
FN:140,(anonymous_7)
FN:141,(anonymous_8)
FN:176,(anonymous_9)
FN:177,(anonymous_10)
FN:217,(anonymous_11)
FN:237,(anonymous_12)
FNF:13
FNH:9
FNDA:206,(anonymous_0)
FNDA:3,(anonymous_1)
FNDA:74,(anonymous_2)
FNDA:74,(anonymous_3)
FNDA:84,(anonymous_4)
FNDA:14,(anonymous_5)
FNDA:5,(anonymous_6)
FNDA:4,(anonymous_7)
FNDA:4,(anonymous_8)
FNDA:0,(anonymous_9)
FNDA:0,(anonymous_10)
FNDA:0,(anonymous_11)
FNDA:0,(anonymous_12)
DA:1,4
DA:2,4
DA:3,4
DA:6,4
DA:7,206
DA:13,4
DA:14,3
DA:20,4
DA:21,74
DA:22,74
DA:24,5
DA:25,5
DA:30,4
DA:31,74
DA:35,74
DA:36,67
DA:40,74
DA:41,7
DA:48,67
DA:49,67
DA:50,2
DA:57,65
DA:58,65
DA:59,0
DA:66,65
DA:67,1
DA:74,64
DA:75,1
DA:81,63
DA:82,63
DA:84,0
DA:85,0
DA:93,4
DA:94,84
DA:95,14
DA:96,1
DA:102,13
DA:103,4
DA:109,9
DA:114,4
DA:115,5
DA:118,5
DA:119,4
DA:122,5
DA:123,4
DA:124,4
DA:125,3
DA:126,3
DA:127,3
DA:132,5
DA:134,0
DA:135,0
DA:140,4
DA:141,4
DA:142,4
DA:143,1
DA:150,3
DA:151,1
DA:155,2
DA:156,2
DA:157,0
DA:164,2
DA:165,1
DA:171,1
DA:176,4
DA:177,0
DA:178,0
DA:179,0
DA:186,0
DA:187,0
DA:191,0
DA:192,0
DA:196,0
DA:197,0
DA:200,0
DA:209,0
DA:217,4
DA:218,0
DA:219,0
DA:225,0
DA:226,0
DA:233,0
DA:237,4
DA:238,0
DA:239,0
DA:245,0
DA:246,0
DA:253,0
DA:256,4
LF:89
LH:62
BRDA:8,0,0,206
BRDA:8,0,1,0
BRDA:15,1,0,3
BRDA:15,1,1,0
BRDA:35,2,0,67
BRDA:35,2,1,7
BRDA:35,3,0,74
BRDA:35,3,1,68
BRDA:40,4,0,7
BRDA:40,4,1,67
BRDA:49,5,0,2
BRDA:49,5,1,65
BRDA:58,6,0,0
BRDA:58,6,1,65
BRDA:66,7,0,1
BRDA:66,7,1,64
BRDA:74,8,0,1
BRDA:74,8,1,63
BRDA:74,9,0,64
BRDA:74,9,1,2
BRDA:95,10,0,1
BRDA:95,10,1,13
BRDA:102,11,0,4
BRDA:102,11,1,9
BRDA:118,12,0,4
BRDA:118,12,1,1
BRDA:118,13,0,5
BRDA:118,13,1,4
BRDA:122,14,0,4
BRDA:122,14,1,1
BRDA:124,15,0,3
BRDA:124,15,1,1
BRDA:126,16,0,3
BRDA:126,16,1,0
BRDA:126,17,0,3
BRDA:126,17,1,3
BRDA:140,18,0,4
BRDA:142,19,0,1
BRDA:142,19,1,3
BRDA:150,20,0,1
BRDA:150,20,1,2
BRDA:155,21,0,2
BRDA:155,21,1,0
BRDA:155,21,2,0
BRDA:156,22,0,0
BRDA:156,22,1,2
BRDA:164,23,0,1
BRDA:164,23,1,1
BRDA:178,24,0,0
BRDA:178,24,1,0
BRDA:186,25,0,0
BRDA:186,25,1,0
BRDA:191,26,0,0
BRDA:191,26,1,0
BRDA:191,27,0,0
BRDA:191,27,1,0
BRDA:196,28,0,0
BRDA:196,28,1,0
BRDA:196,29,0,0
BRDA:196,29,1,0
BRDA:204,30,0,0
BRDA:204,30,1,0
BRDA:218,31,0,0
BRDA:218,31,1,0
BRDA:225,32,0,0
BRDA:225,32,1,0
BRDA:238,33,0,0
BRDA:238,33,1,0
BRDA:245,34,0,0
BRDA:245,34,1,0
BRF:70
BRH:41
end_of_record
TN:
SF:src\middleware\security.js
FN:7,(anonymous_0)
FN:10,(anonymous_1)
FN:21,(anonymous_2)
FN:96,(anonymous_3)
FN:99,(anonymous_4)
FN:119,(anonymous_5)
FN:130,(anonymous_6)
FN:162,(anonymous_7)
FN:163,(anonymous_8)
FN:206,(anonymous_9)
FN:207,(anonymous_10)
FN:233,(anonymous_11)
FN:236,(anonymous_12)
FN:259,(anonymous_13)
FN:282,(anonymous_14)
FNF:15
FNH:5
FNDA:20,(anonymous_0)
FNDA:99,(anonymous_1)
FNDA:0,(anonymous_2)
FNDA:0,(anonymous_3)
FNDA:0,(anonymous_4)
FNDA:0,(anonymous_5)
FNDA:77,(anonymous_6)
FNDA:0,(anonymous_7)
FNDA:0,(anonymous_8)
FNDA:0,(anonymous_9)
FNDA:0,(anonymous_10)
FNDA:77,(anonymous_11)
FNDA:77,(anonymous_12)
FNDA:0,(anonymous_13)
FNDA:0,(anonymous_14)
DA:1,4
DA:2,4
DA:3,4
DA:4,4
DA:7,4
DA:8,20
DA:10,99
DA:12,0
DA:22,0
DA:29,0
DA:38,4
DA:45,4
DA:52,4
DA:59,4
DA:66,4
DA:73,4
DA:96,4
DA:98,0
DA:99,0
DA:101,0
DA:103,0
DA:115,0
DA:116,0
DA:119,4
DA:120,0
DA:121,0
DA:122,0
DA:123,0
DA:125,0
DA:129,4
DA:132,77
DA:134,0
DA:136,0
DA:137,0
DA:140,0
DA:141,0
DA:159,4
DA:162,4
DA:163,0
DA:164,0
DA:166,0
DA:173,0
DA:174,0
DA:177,0
DA:178,0
DA:179,0
DA:180,0
DA:181,0
DA:184,0
DA:187,0
DA:190,0
DA:191,0
DA:194,0
DA:195,0
DA:198,0
DA:199,0
DA:202,0
DA:206,4
DA:207,0
DA:208,0
DA:210,0
DA:212,0
DA:215,0
DA:216,0
DA:219,0
DA:225,0
DA:233,4
DA:234,77
DA:236,77
DA:237,77
DA:238,77
DA:248,77
DA:249,36
DA:251,41
DA:255,77
DA:259,4
DA:261,0
DA:263,0
DA:269,0
DA:273,0
DA:282,4
DA:283,0
DA:284,0
DA:286,0
DA:288,0
DA:289,0
DA:296,0
DA:297,0
DA:298,0
DA:305,0
DA:306,0
DA:307,0
DA:308,0
DA:316,0
DA:319,4
LF:95
LH:32
BRDA:8,0,0,20
BRDA:8,0,1,0
BRDA:17,1,0,0
BRDA:17,1,1,0
BRDA:31,2,0,0
BRDA:31,2,1,0
BRDA:98,3,0,0
BRDA:98,3,1,0
BRDA:101,4,0,0
BRDA:101,4,1,0
BRDA:122,5,0,0
BRDA:122,5,1,0
BRDA:132,6,0,77
BRDA:132,6,1,0
BRDA:136,7,0,0
BRDA:136,7,1,0
BRDA:136,8,0,0
BRDA:136,8,1,0
BRDA:164,9,0,0
BRDA:164,9,1,0
BRDA:173,10,0,0
BRDA:173,10,1,0
BRDA:177,11,0,0
BRDA:177,11,1,0
BRDA:177,12,0,0
BRDA:177,12,1,0
BRDA:180,13,0,0
BRDA:180,13,1,0
BRDA:190,14,0,0
BRDA:190,14,1,0
BRDA:194,15,0,0
BRDA:194,15,1,0
BRDA:198,16,0,0
BRDA:198,16,1,0
BRDA:206,17,0,0
BRDA:208,18,0,0
BRDA:208,18,1,0
BRDA:210,19,0,0
BRDA:210,19,1,0
BRDA:215,20,0,0
BRDA:215,20,1,0
BRDA:245,21,0,59
BRDA:245,21,1,18
BRDA:248,22,0,36
BRDA:248,22,1,41
BRDA:261,23,0,0
BRDA:261,23,1,0
BRDA:265,24,0,0
BRDA:265,24,1,0
BRDA:266,25,0,0
BRDA:266,25,1,0
BRDA:269,26,0,0
BRDA:269,26,1,0
BRDA:273,27,0,0
BRDA:273,27,1,0
BRDA:277,28,0,0
BRDA:277,28,1,0
BRDA:283,29,0,0
BRDA:283,29,1,0
BRDA:283,30,0,0
BRDA:283,30,1,0
BRDA:284,31,0,0
BRDA:284,31,1,0
BRDA:288,32,0,0
BRDA:288,32,1,0
BRDA:288,33,0,0
BRDA:288,33,1,0
BRDA:297,34,0,0
BRDA:297,34,1,0
BRDA:307,35,0,0
BRDA:307,35,1,0
BRF:71
BRH:6
end_of_record
TN:
SF:src\middleware\validation.js
FN:5,(anonymous_0)
FN:6,(anonymous_1)
FN:23,(anonymous_2)
FNF:3
FNH:3
FNDA:50,(anonymous_0)
FNDA:30,(anonymous_1)
FNDA:16,(anonymous_2)
DA:1,4
DA:2,4
DA:5,4
DA:6,50
DA:7,30
DA:12,30
DA:13,1
DA:16,29
DA:22,29
DA:23,16
DA:28,6
DA:34,6
DA:42,23
DA:43,5
DA:45,23
DA:50,4
DA:181,4
DA:204,4
DA:266,4
DA:305,4
DA:342,4
DA:368,4
LF:22
LH:22
BRDA:5,0,0,44
BRDA:7,1,0,24
BRDA:7,1,1,6
BRDA:8,2,0,5
BRDA:8,2,1,1
BRDA:9,3,0,1
BRDA:9,3,1,0
BRDA:12,4,0,1
BRDA:12,4,1,29
BRDA:22,5,0,6
BRDA:22,5,1,23
BRDA:42,6,0,18
BRDA:42,6,1,5
BRDA:43,7,0,5
BRDA:43,7,1,0
BRF:15
BRH:13
end_of_record
TN:
SF:src\models\Alert.js
FN:43,(anonymous_0)
FN:97,(anonymous_1)
FN:168,(anonymous_2)
FN:174,(anonymous_3)
FN:180,(anonymous_4)
FN:182,(anonymous_5)
FN:206,(anonymous_6)
FN:209,(anonymous_7)
FN:212,(anonymous_8)
FN:223,(anonymous_9)
FNF:10
FNH:8
FNDA:8,(anonymous_0)
FNDA:54,(anonymous_1)
FNDA:24,(anonymous_2)
FNDA:24,(anonymous_3)
FNDA:0,(anonymous_4)
FNDA:0,(anonymous_5)
FNDA:1,(anonymous_6)
FNDA:1,(anonymous_7)
FNDA:1,(anonymous_8)
FNDA:57,(anonymous_9)
DA:1,5
DA:3,5
DA:44,8
DA:45,0
DA:48,8
DA:49,0
DA:51,8
DA:98,54
DA:160,5
DA:161,5
DA:162,5
DA:163,5
DA:164,5
DA:165,5
DA:168,5
DA:169,24
DA:170,1
DA:174,5
DA:175,24
DA:176,1
DA:180,5
DA:181,0
DA:182,0
DA:185,0
DA:186,0
DA:187,0
DA:188,0
DA:191,0
DA:200,0
DA:202,0
DA:206,5
DA:207,1
DA:208,1
DA:209,1
DA:211,1
DA:212,1
DA:215,1
DA:216,1
DA:223,5
DA:224,57
DA:225,1
DA:227,57
DA:231,5
DA:235,5
LF:44
LH:33
BRDA:44,0,0,0
BRDA:44,0,1,8
BRDA:45,1,0,0
BRDA:45,1,1,0
BRDA:45,1,2,0
BRDA:45,1,3,0
BRDA:45,1,4,0
BRDA:48,2,0,0
BRDA:48,2,1,8
BRDA:49,3,0,0
BRDA:49,3,1,0
BRDA:169,4,0,23
BRDA:169,4,1,1
BRDA:175,5,0,23
BRDA:175,5,1,1
BRDA:182,6,0,0
BRDA:182,6,1,0
BRDA:185,7,0,0
BRDA:185,7,1,0
BRDA:187,8,0,0
BRDA:187,8,1,0
BRDA:187,9,0,0
BRDA:187,9,1,0
BRDA:195,10,0,0
BRDA:195,10,1,0
BRDA:195,11,0,0
BRDA:195,11,1,0
BRDA:209,12,0,1
BRDA:209,12,1,1
BRDA:215,13,0,1
BRDA:215,13,1,0
BRDA:224,14,0,1
BRDA:224,14,1,56
BRF:33
BRH:11
end_of_record
TN:
SF:src\models\Incident.js
FN:52,(anonymous_0)
FN:229,(anonymous_1)
FN:233,(anonymous_2)
FN:238,(anonymous_3)
FN:243,(anonymous_4)
FN:246,(anonymous_5)
FN:262,(anonymous_6)
FN:263,(anonymous_7)
FN:267,(anonymous_8)
FN:274,(anonymous_9)
FN:280,(anonymous_10)
FN:309,(anonymous_11)
FN:315,(anonymous_12)
FN:341,(anonymous_13)
FNF:14
FNH:11
FNDA:39,(anonymous_0)
FNDA:8,(anonymous_1)
FNDA:4,(anonymous_2)
FNDA:5,(anonymous_3)
FNDA:2,(anonymous_4)
FNDA:0,(anonymous_5)
FNDA:3,(anonymous_6)
FNDA:1,(anonymous_7)
FNDA:1,(anonymous_8)
FNDA:0,(anonymous_9)
FNDA:1,(anonymous_10)
FNDA:1,(anonymous_11)
FNDA:0,(anonymous_12)
FNDA:35,(anonymous_13)
DA:1,5
DA:3,5
DA:53,39
DA:221,5
DA:222,5
DA:223,5
DA:224,5
DA:225,5
DA:226,5
DA:229,5
DA:230,8
DA:231,8
DA:233,4
DA:234,4
DA:238,5
DA:239,5
DA:243,5
DA:245,2
DA:246,0
DA:250,2
DA:256,2
DA:258,2
DA:262,5
DA:263,3
DA:267,5
DA:268,1
DA:269,1
DA:270,1
DA:274,5
DA:275,0
DA:276,0
DA:280,5
DA:281,1
DA:288,1
DA:301,1
DA:302,1
DA:303,1
DA:305,1
DA:309,5
DA:310,1
DA:311,1
DA:315,5
DA:316,0
DA:337,0
DA:341,5
DA:342,35
DA:343,2
DA:345,35
DA:349,5
DA:353,5
LF:50
LH:45
BRDA:53,0,0,39
BRDA:53,0,1,39
BRDA:53,0,2,39
BRDA:53,0,3,39
BRDA:53,0,4,39
BRDA:231,1,0,4
BRDA:231,1,1,4
BRDA:301,2,0,1
BRDA:301,2,1,0
BRDA:301,3,0,1
BRDA:301,3,1,0
BRDA:302,4,0,0
BRDA:302,4,1,1
BRDA:303,5,0,0
BRDA:303,5,1,1
BRDA:311,6,0,1
BRDA:311,6,1,0
BRDA:315,7,0,0
BRDA:342,8,0,2
BRDA:342,8,1,33
BRF:20
BRH:14
end_of_record
TN:
SF:src\models\Location.js
FN:29,(anonymous_0)
FN:158,(anonymous_1)
FN:163,(anonymous_2)
FN:166,(anonymous_3)
FN:173,(anonymous_4)
FN:175,(anonymous_5)
FN:192,(anonymous_6)
FNF:7
FNH:1
FNDA:4,(anonymous_0)
FNDA:0,(anonymous_1)
FNDA:0,(anonymous_2)
FNDA:0,(anonymous_3)
FNDA:0,(anonymous_4)
FNDA:0,(anonymous_5)
FNDA:0,(anonymous_6)
DA:1,5
DA:3,5
DA:30,4
DA:151,5
DA:152,5
DA:153,5
DA:154,5
DA:155,5
DA:158,5
DA:159,0
DA:163,5
DA:164,0
DA:166,0
DA:167,0
DA:169,0
DA:173,5
DA:175,0
DA:178,0
DA:186,0
DA:188,0
DA:192,5
DA:193,0
DA:199,0
DA:203,5
DA:207,5
LF:25
LH:14
BRDA:30,0,0,4
BRDA:30,0,1,4
BRDA:30,0,2,4
BRDA:30,0,3,4
BRDA:30,0,4,4
BRDA:164,1,0,0
BRDA:164,1,1,0
BRF:7
BRH:5
end_of_record
TN:
SF:src\models\User.js
FN:60,(anonymous_0)
FN:109,(anonymous_1)
FN:122,(anonymous_2)
FN:127,(anonymous_3)
FN:134,(anonymous_4)
FNF:5
FNH:5
FNDA:231,(anonymous_0)
FNDA:227,(anonymous_1)
FNDA:6,(anonymous_2)
FNDA:10,(anonymous_3)
FNDA:9,(anonymous_4)
DA:1,5
DA:2,5
DA:4,5
DA:61,231
DA:103,5
DA:106,5
DA:109,5
DA:110,227
DA:112,226
DA:113,226
DA:114,226
DA:115,226
DA:117,0
DA:122,5
DA:123,6
DA:127,5
DA:128,10
DA:132,5
DA:135,9
DA:136,9
DA:137,9
DA:138,9
DA:142,5
LF:23
LH:22
BRDA:61,0,0,231
BRDA:61,0,1,231
BRDA:61,0,2,231
BRDA:61,0,3,230
BRDA:61,0,4,230
BRDA:110,1,0,1
BRDA:110,1,1,226
BRF:7
BRH:7
end_of_record
TN:
SF:src\routes\admin.js
FNF:0
FNH:0
DA:1,4
DA:2,4
DA:10,4
DA:11,4
DA:12,4
DA:13,4
DA:16,4
DA:19,4
DA:22,4
DA:23,4
DA:26,4
DA:27,4
DA:30,4
DA:33,4
DA:35,4
LF:15
LH:15
BRF:0
BRH:0
end_of_record
TN:
SF:src\routes\alerts.js
FNF:0
FNH:0
DA:1,4
DA:2,4
DA:4,4
DA:14,4
DA:17,4
DA:20,4
DA:23,4
DA:26,4
DA:29,4
DA:30,4
DA:31,4
DA:34,4
DA:36,4
LF:13
LH:13
BRF:0
BRH:0
end_of_record
TN:
SF:src\routes\auth.js
FNF:0
FNH:0
DA:1,4
DA:2,4
DA:13,4
DA:14,4
DA:15,4
DA:16,4
DA:19,4
DA:22,4
DA:23,4
DA:24,4
DA:25,4
DA:26,4
DA:29,4
DA:31,4
DA:32,4
DA:33,4
DA:34,4
DA:36,4
LF:18
LH:18
BRF:0
BRH:0
end_of_record
TN:
SF:src\routes\dashboard.js
FNF:0
FNH:0
DA:1,4
DA:2,4
DA:3,4
DA:13,4
DA:18,4
DA:23,4
DA:28,4
DA:33,4
DA:38,4
DA:43,4
DA:48,4
DA:53,4
DA:55,4
LF:13
LH:13
BRF:0
BRH:0
end_of_record
TN:
SF:src\routes\export.js
FNF:0
FNH:0
DA:1,4
DA:2,4
DA:11,4
DA:12,4
DA:13,4
DA:16,4
DA:19,4
DA:24,4
DA:29,4
DA:34,4
DA:39,4
DA:44,4
DA:49,4
DA:54,4
DA:56,4
LF:15
LH:15
BRF:0
BRH:0
end_of_record
TN:
SF:src\routes\incidents.js
FNF:0
FNH:0
DA:1,4
DA:2,4
DA:16,4
DA:17,4
DA:18,4
DA:19,4
DA:22,4
DA:25,4
DA:28,4
DA:31,4
DA:32,4
DA:35,4
DA:36,4
DA:37,4
DA:40,4
DA:41,4
DA:42,4
DA:43,4
DA:44,4
DA:45,4
DA:47,4
LF:21
LH:21
BRF:0
BRH:0
end_of_record
TN:
SF:src\routes\locations.js
FN:6,(anonymous_0)
FN:16,(anonymous_1)
FN:30,(anonymous_2)
FN:41,(anonymous_3)
FN:52,(anonymous_4)
FN:63,(anonymous_5)
FNF:6
FNH:0
FNDA:0,(anonymous_0)
FNDA:0,(anonymous_1)
FNDA:0,(anonymous_2)
FNDA:0,(anonymous_3)
FNDA:0,(anonymous_4)
FNDA:0,(anonymous_5)
DA:1,4
DA:2,4
DA:3,4
DA:6,4
DA:7,0
DA:8,0
DA:9,0
DA:11,0
DA:16,4
DA:17,0
DA:18,0
DA:19,0
DA:20,0
DA:21,0
DA:22,0
DA:23,0
DA:25,0
DA:30,4
DA:31,0
DA:32,0
DA:33,0
DA:34,0
DA:36,0
DA:41,4
DA:42,0
DA:43,0
DA:44,0
DA:45,0
DA:47,0
DA:52,4
DA:53,0
DA:54,0
DA:55,0
DA:56,0
DA:58,0
DA:63,4
DA:64,0
DA:65,0
DA:66,0
DA:67,0
DA:68,0
DA:76,0
DA:78,0
DA:82,4
LF:44
LH:10
BRDA:20,0,0,0
BRDA:20,0,1,0
BRDA:21,1,0,0
BRDA:21,1,1,0
BRDA:33,2,0,0
BRDA:33,2,1,0
BRDA:44,3,0,0
BRDA:44,3,1,0
BRDA:55,4,0,0
BRDA:55,4,1,0
BRDA:65,5,0,0
BRDA:66,6,0,0
BRDA:66,6,1,0
BRDA:66,7,0,0
BRDA:66,7,1,0
BRF:15
BRH:0
end_of_record
TN:
SF:src\scripts\createDemoUsers.js
FN:7,(anonymous_0)
FN:105,(anonymous_1)
FN:111,(anonymous_2)
FN:124,(anonymous_3)
FNF:4
FNH:0
FNDA:0,(anonymous_0)
FNDA:0,(anonymous_1)
FNDA:0,(anonymous_2)
FNDA:0,(anonymous_3)
DA:1,0
DA:2,0
DA:3,0
DA:4,0
DA:7,0
DA:8,0
DA:9,0
DA:10,0
DA:12,0
DA:13,0
DA:18,0
DA:105,0
DA:106,0
DA:107,0
DA:110,0
DA:111,0
DA:113,0
DA:116,0
DA:117,0
DA:118,0
DA:119,0
DA:122,0
DA:123,0
DA:124,0
DA:125,0
DA:129,0
DA:131,0
DA:136,0
DA:137,0
DA:140,0
LF:30
LH:0
BRDA:136,0,0,0
BRDA:136,0,1,0
BRF:2
BRH:0
end_of_record
TN:
SF:src\scripts\generateIncidentData.js
FN:36,randomDate
FN:47,mapStatus
FN:57,mapCategoryToType
FN:67,generateAndSeed
FNF:4
FNH:0
FNDA:0,randomDate
FNDA:0,mapStatus
FNDA:0,mapCategoryToType
FNDA:0,generateAndSeed
DA:1,0
DA:2,0
DA:3,0
DA:4,0
DA:7,0
DA:19,0
DA:32,0
DA:33,0
DA:34,0
DA:37,0
DA:38,0
DA:39,0
DA:40,0
DA:41,0
DA:42,0
DA:43,0
DA:44,0
DA:48,0
DA:54,0
DA:58,0
DA:64,0
DA:68,0
DA:69,0
DA:71,0
DA:72,0
DA:73,0
DA:74,0
DA:77,0
DA:78,0
DA:79,0
DA:80,0
DA:81,0
DA:82,0
DA:84,0
DA:85,0
DA:107,0
DA:110,0
DA:111,0
DA:112,0
DA:113,0
DA:115,0
DA:116,0
DA:120,0
DA:121,0
LF:44
LH:0
BRDA:54,0,0,0
BRDA:54,0,1,0
BRDA:64,1,0,0
BRDA:64,1,1,0
BRDA:72,2,0,0
BRDA:72,2,1,0
BRDA:120,3,0,0
BRDA:120,3,1,0
BRF:8
BRH:0
end_of_record
TN:
SF:src\scripts\importProvidedIncidents.js
FN:7,(anonymous_0)
FN:17,(anonymous_1)
FN:331,importIncidents
FN:336,(anonymous_3)
FN:340,(anonymous_4)
FN:349,(anonymous_5)
FN:378,(anonymous_6)
FNF:7
FNH:0
FNDA:0,(anonymous_0)
FNDA:0,(anonymous_1)
FNDA:0,importIncidents
FNDA:0,(anonymous_3)
FNDA:0,(anonymous_4)
FNDA:0,(anonymous_5)
FNDA:0,(anonymous_6)
DA:1,0
DA:2,0
DA:3,0
DA:4,0
DA:7,0
DA:8,0
DA:14,0
DA:17,0
DA:18,0
DA:24,0
DA:28,0
DA:332,0
DA:333,0
DA:336,0
DA:339,0
DA:340,0
DA:342,0
DA:343,0
DA:344,0
DA:349,0
DA:350,0
DA:351,0
DA:353,0
DA:378,0
DA:380,0
DA:381,0
DA:382,0
DA:386,0
DA:387,0
DA:389,0
DA:391,0
DA:392,0
DA:396,0
DA:397,0
DA:400,0
LF:35
LH:0
BRDA:14,0,0,0
BRDA:14,0,1,0
BRDA:24,1,0,0
BRDA:24,1,1,0
BRDA:343,2,0,0
BRDA:343,2,1,0
BRDA:350,3,0,0
BRDA:350,3,1,0
BRDA:350,4,0,0
BRDA:350,4,1,0
BRDA:351,5,0,0
BRDA:351,5,1,0
BRDA:351,6,0,0
BRDA:351,6,1,0
BRDA:358,7,0,0
BRDA:358,7,1,0
BRDA:362,8,0,0
BRDA:362,8,1,0
BRDA:362,9,0,0
BRDA:362,9,1,0
BRDA:371,10,0,0
BRDA:371,10,1,0
BRDA:376,11,0,0
BRDA:376,11,1,0
BRDA:378,12,0,0
BRDA:378,12,1,0
BRDA:378,12,2,0
BRDA:380,13,0,0
BRDA:380,13,1,0
BRDA:396,14,0,0
BRDA:396,14,1,0
BRF:31
BRH:0
end_of_record
TN:
SF:src\scripts\seedIncidentData.js
FN:452,(anonymous_0)
FN:463,(anonymous_1)
FN:473,(anonymous_2)
FN:487,(anonymous_3)
FN:525,(anonymous_4)
FNF:5
FNH:0
FNDA:0,(anonymous_0)
FNDA:0,(anonymous_1)
FNDA:0,(anonymous_2)
FNDA:0,(anonymous_3)
FNDA:0,(anonymous_4)
DA:1,0
DA:2,0
DA:3,0
DA:4,0
DA:5,0
DA:8,0
DA:452,0
DA:453,0
DA:459,0
DA:463,0
DA:464,0
DA:470,0
DA:473,0
DA:474,0
DA:476,0
DA:477,0
DA:480,0
DA:481,0
DA:482,0
DA:483,0
DA:487,0
DA:488,0
DA:492,0
DA:493,0
DA:496,0
DA:497,0
DA:500,0
DA:516,0
DA:517,0
DA:518,0
DA:521,0
DA:522,0
DA:523,0
DA:525,0
DA:526,0
DA:527,0
DA:528,0
DA:531,0
DA:532,0
DA:533,0
DA:536,0
DA:538,0
DA:539,0
DA:544,0
LF:44
LH:0
BRDA:459,0,0,0
BRDA:459,0,1,0
BRDA:470,1,0,0
BRDA:470,1,1,0
BRDA:481,2,0,0
BRDA:481,2,1,0
BRDA:516,3,0,0
BRDA:516,3,1,0
BRDA:526,4,0,0
BRDA:526,4,1,0
BRDA:527,5,0,0
BRDA:527,5,1,0
BRDA:528,6,0,0
BRDA:528,6,1,0
BRF:14
BRH:0
end_of_record
TN:
SF:src\scripts\testDashboardIntegration.js
FN:8,testDashboardIntegration
FN:54,(anonymous_1)
FN:70,(anonymous_2)
FN:82,(anonymous_3)
FN:118,(anonymous_4)
FN:133,(anonymous_5)
FNF:6
FNH:0
FNDA:0,testDashboardIntegration
FNDA:0,(anonymous_1)
FNDA:0,(anonymous_2)
FNDA:0,(anonymous_3)
FNDA:0,(anonymous_4)
FNDA:0,(anonymous_5)
DA:1,0
DA:2,0
DA:3,0
DA:4,0
DA:5,0
DA:9,0
DA:10,0
DA:13,0
DA:14,0
DA:17,0
DA:18,0
DA:21,0
DA:22,0
DA:26,0
DA:31,0
DA:32,0
DA:33,0
DA:34,0
DA:37,0
DA:39,0
DA:42,0
DA:53,0
DA:54,0
DA:55,0
DA:59,0
DA:69,0
DA:70,0
DA:71,0
DA:75,0
DA:81,0
DA:82,0
DA:83,0
DA:87,0
DA:93,0
DA:96,0
DA:117,0
DA:118,0
DA:119,0
DA:123,0
DA:132,0
DA:133,0
DA:134,0
DA:137,0
DA:138,0
DA:139,0
DA:140,0
DA:141,0
DA:142,0
DA:143,0
DA:144,0
DA:145,0
DA:148,0
DA:150,0
DA:151,0
DA:156,0
DA:157,0
DA:160,0
LF:57
LH:0
BRDA:13,0,0,0
BRDA:13,0,1,0
BRDA:37,1,0,0
BRDA:37,1,1,0
BRDA:156,2,0,0
BRDA:156,2,1,0
BRF:6
BRH:0
end_of_record
TN:
SF:src\services\analyticsService.js
FN:16,(anonymous_0)
FN:84,(anonymous_1)
FN:131,(anonymous_2)
FN:159,(anonymous_3)
FN:223,(anonymous_4)
FN:265,(anonymous_5)
FN:304,(anonymous_6)
FN:344,(anonymous_7)
FN:424,(anonymous_8)
FN:462,(anonymous_9)
FN:489,(anonymous_10)
FN:506,(anonymous_11)
FN:513,(anonymous_12)
FN:553,(anonymous_13)
FNF:14
FNH:0
FNDA:0,(anonymous_0)
FNDA:0,(anonymous_1)
FNDA:0,(anonymous_2)
FNDA:0,(anonymous_3)
FNDA:0,(anonymous_4)
FNDA:0,(anonymous_5)
FNDA:0,(anonymous_6)
FNDA:0,(anonymous_7)
FNDA:0,(anonymous_8)
FNDA:0,(anonymous_9)
FNDA:0,(anonymous_10)
FNDA:0,(anonymous_11)
FNDA:0,(anonymous_12)
FNDA:0,(anonymous_13)
DA:1,4
DA:2,4
DA:3,4
DA:4,4
DA:22,0
DA:24,0
DA:25,0
DA:26,0
DA:29,0
DA:30,0
DA:41,0
DA:42,0
DA:54,0
DA:64,0
DA:76,0
DA:77,0
DA:85,0
DA:132,0
DA:134,0
DA:160,0
DA:224,0
DA:225,0
DA:227,0
DA:266,0
DA:305,0
DA:345,0
DA:425,0
DA:427,0
DA:428,0
DA:430,0
DA:448,0
DA:449,0
DA:452,0
DA:454,0
DA:455,0
DA:463,0
DA:466,0
DA:468,0
DA:469,0
DA:471,0
DA:472,0
DA:474,0
DA:475,0
DA:477,0
DA:478,0
DA:480,0
DA:481,0
DA:483,0
DA:486,0
DA:490,0
DA:492,0
DA:494,0
DA:496,0
DA:498,0
DA:500,0
DA:502,0
DA:507,0
DA:508,0
DA:509,0
DA:510,0
DA:514,0
DA:516,0
DA:517,0
DA:520,0
DA:521,0
DA:530,0
DA:531,0
DA:540,0
DA:541,0
DA:550,0
DA:554,0
DA:555,0
DA:563,4
LF:73
LH:5
BRDA:16,0,0,0
BRDA:18,1,0,0
BRDA:19,2,0,0
BRDA:20,3,0,0
BRDA:21,4,0,0
BRDA:29,5,0,0
BRDA:29,5,1,0
BRDA:29,6,0,0
BRDA:29,6,1,0
BRDA:41,7,0,0
BRDA:41,7,1,0
BRDA:344,8,0,0
BRDA:424,9,0,0
BRDA:425,10,0,0
BRDA:425,11,0,0
BRDA:434,12,0,0
BRDA:434,12,1,0
BRDA:438,13,0,0
BRDA:438,13,1,0
BRDA:439,14,0,0
BRDA:439,14,1,0
BRDA:441,15,0,0
BRDA:441,15,1,0
BRDA:442,16,0,0
BRDA:442,16,1,0
BRDA:448,17,0,0
BRDA:448,17,1,0
BRDA:466,18,0,0
BRDA:466,18,1,0
BRDA:466,18,2,0
BRDA:466,18,3,0
BRDA:466,18,4,0
BRDA:466,18,5,0
BRDA:490,19,0,0
BRDA:490,19,1,0
BRDA:490,19,2,0
BRDA:490,19,3,0
BRDA:490,19,4,0
BRDA:490,19,5,0
BRDA:507,20,0,0
BRDA:507,20,1,0
BRDA:507,21,0,0
BRDA:507,21,1,0
BRDA:508,22,0,0
BRDA:508,22,1,0
BRDA:509,23,0,0
BRDA:509,23,1,0
BRDA:510,24,0,0
BRDA:510,24,1,0
BRDA:516,25,0,0
BRDA:516,25,1,0
BRDA:520,26,0,0
BRDA:520,26,1,0
BRDA:530,27,0,0
BRDA:530,27,1,0
BRDA:540,28,0,0
BRDA:540,28,1,0
BRDA:554,29,0,0
BRDA:554,29,1,0
BRF:59
BRH:0
end_of_record
TN:
SF:src\services\metricsService.js
FN:11,(anonymous_0)
FN:23,(anonymous_1)
FN:51,(anonymous_2)
FN:113,(anonymous_3)
FN:173,(anonymous_4)
FN:208,(anonymous_5)
FN:209,(anonymous_6)
FN:223,(anonymous_7)
FN:237,(anonymous_8)
FN:250,(anonymous_9)
FN:275,(anonymous_10)
FN:286,(anonymous_11)
FN:318,(anonymous_12)
FN:356,(anonymous_13)
FN:402,(anonymous_14)
FN:419,(anonymous_15)
FN:420,(anonymous_16)
FN:442,(anonymous_17)
FN:463,(anonymous_18)
FN:480,(anonymous_19)
FN:486,(anonymous_20)
FN:509,(anonymous_21)
FN:519,(anonymous_22)
FN:533,(anonymous_23)
FN:549,(anonymous_24)
FNF:25
FNH:2
FNDA:4,(anonymous_0)
FNDA:0,(anonymous_1)
FNDA:0,(anonymous_2)
FNDA:0,(anonymous_3)
FNDA:0,(anonymous_4)
FNDA:0,(anonymous_5)
FNDA:0,(anonymous_6)
FNDA:0,(anonymous_7)
FNDA:0,(anonymous_8)
FNDA:0,(anonymous_9)
FNDA:0,(anonymous_10)
FNDA:0,(anonymous_11)
FNDA:0,(anonymous_12)
FNDA:0,(anonymous_13)
FNDA:0,(anonymous_14)
FNDA:0,(anonymous_15)
FNDA:0,(anonymous_16)
FNDA:0,(anonymous_17)
FNDA:0,(anonymous_18)
FNDA:4,(anonymous_19)
FNDA:0,(anonymous_20)
FNDA:0,(anonymous_21)
FNDA:0,(anonymous_22)
FNDA:0,(anonymous_23)
FNDA:0,(anonymous_24)
DA:1,4
DA:2,4
DA:3,4
DA:4,4
DA:12,4
DA:13,4
DA:14,4
DA:17,4
DA:24,0
DA:27,0
DA:28,0
DA:29,0
DA:32,0
DA:33,0
DA:36,0
DA:41,0
DA:43,0
DA:44,0
DA:52,0
DA:53,0
DA:54,0
DA:55,0
DA:56,0
DA:59,0
DA:61,0
DA:62,0
DA:83,0
DA:94,0
DA:114,0
DA:152,0
DA:153,0
DA:154,0
DA:155,0
DA:157,0
DA:174,0
DA:208,0
DA:209,0
DA:211,0
DA:224,0
DA:237,0
DA:238,0
DA:243,0
DA:251,0
DA:275,0
DA:287,0
DA:306,0
DA:307,0
DA:319,0
DA:341,0
DA:342,0
DA:357,0
DA:358,0
DA:361,0
DA:391,0
DA:392,0
DA:403,0
DA:404,0
DA:406,0
DA:407,0
DA:418,0
DA:419,0
DA:421,0
DA:425,0
DA:430,0
DA:431,0
DA:443,0
DA:445,0
DA:446,0
DA:457,0
DA:463,0
DA:482,4
DA:483,4
DA:486,0
DA:487,0
DA:489,0
DA:490,0
DA:491,0
DA:496,0
DA:497,0
DA:498,0
DA:501,0
DA:510,0
DA:511,0
DA:512,0
DA:520,0
DA:521,0
DA:523,0
DA:524,0
DA:526,0
DA:527,0
DA:529,0
DA:530,0
DA:534,0
DA:537,0
DA:543,0
DA:550,0
DA:551,0
DA:556,4
LF:98
LH:11
BRDA:23,0,0,0
BRDA:23,1,0,0
BRDA:24,2,0,0
BRDA:24,2,1,0
BRDA:28,3,0,0
BRDA:28,3,1,0
BRDA:28,4,0,0
BRDA:28,4,1,0
BRDA:61,5,0,0
BRDA:61,5,1,0
BRDA:153,6,0,0
BRDA:153,6,1,0
BRDA:154,7,0,0
BRDA:154,7,1,0
BRDA:155,8,0,0
BRDA:155,8,1,0
BRDA:161,9,0,0
BRDA:161,9,1,0
BRDA:162,10,0,0
BRDA:162,10,1,0
BRDA:163,11,0,0
BRDA:163,11,1,0
BRDA:164,12,0,0
BRDA:164,12,1,0
BRDA:166,13,0,0
BRDA:166,13,1,0
BRDA:166,14,0,0
BRDA:166,14,1,0
BRDA:214,15,0,0
BRDA:214,15,1,0
BRDA:240,16,0,0
BRDA:240,16,1,0
BRDA:241,17,0,0
BRDA:241,17,1,0
BRDA:306,18,0,0
BRDA:306,18,1,0
BRDA:308,19,0,0
BRDA:308,19,1,0
BRDA:309,20,0,0
BRDA:309,20,1,0
BRDA:310,21,0,0
BRDA:310,21,1,0
BRDA:311,22,0,0
BRDA:311,22,1,0
BRDA:341,23,0,0
BRDA:341,23,1,0
BRDA:343,24,0,0
BRDA:343,24,1,0
BRDA:344,25,0,0
BRDA:344,25,1,0
BRDA:345,26,0,0
BRDA:345,26,1,0
BRDA:346,27,0,0
BRDA:346,27,1,0
BRDA:347,28,0,0
BRDA:347,28,1,0
BRDA:348,29,0,0
BRDA:348,29,1,0
BRDA:357,30,0,0
BRDA:357,30,1,0
BRDA:391,31,0,0
BRDA:391,31,1,0
BRDA:393,32,0,0
BRDA:393,32,1,0
BRDA:394,33,0,0
BRDA:394,33,1,0
BRDA:442,34,0,0
BRDA:442,35,0,0
BRDA:445,36,0,0
BRDA:445,36,1,0
BRDA:482,37,0,4
BRDA:482,37,1,0
BRDA:490,38,0,0
BRDA:490,38,1,0
BRDA:496,39,0,0
BRDA:496,39,1,0
BRDA:510,40,0,0
BRDA:510,40,1,0
BRDA:523,41,0,0
BRDA:523,41,1,0
BRDA:524,42,0,0
BRDA:524,42,1,0
BRDA:527,43,0,0
BRDA:527,43,1,0
BRDA:543,44,0,0
BRDA:543,44,1,0
BRDA:543,45,0,0
BRDA:543,45,1,0
BRF:88
BRH:1
end_of_record
TN:
SF:src\utils\databaseUtils.js
FN:14,(anonymous_0)
FN:22,(anonymous_1)
FN:36,(anonymous_2)
FN:142,(anonymous_3)
FN:235,(anonymous_4)
FN:248,(anonymous_5)
FN:290,(anonymous_6)
FN:333,(anonymous_7)
FN:373,(anonymous_8)
FN:413,(anonymous_9)
FN:425,(anonymous_10)
FN:447,(anonymous_11)
FN:496,(anonymous_12)
FN:508,(anonymous_13)
FN:511,(anonymous_14)
FNF:15
FNH:2
FNDA:4,(anonymous_0)
FNDA:4,(anonymous_1)
FNDA:0,(anonymous_2)
FNDA:0,(anonymous_3)
FNDA:0,(anonymous_4)
FNDA:0,(anonymous_5)
FNDA:0,(anonymous_6)
FNDA:0,(anonymous_7)
FNDA:0,(anonymous_8)
FNDA:0,(anonymous_9)
FNDA:0,(anonymous_10)
FNDA:0,(anonymous_11)
FNDA:0,(anonymous_12)
FNDA:0,(anonymous_13)
FNDA:0,(anonymous_14)
DA:1,4
DA:2,4
DA:3,4
DA:4,4
DA:5,4
DA:6,4
DA:8,4
DA:15,4
DA:16,4
DA:23,4
DA:24,4
DA:26,0
DA:27,0
DA:28,0
DA:41,0
DA:43,0
DA:44,0
DA:45,0
DA:46,0
DA:49,0
DA:50,0
DA:53,0
DA:54,0
DA:56,0
DA:67,0
DA:68,0
DA:69,0
DA:70,0
DA:72,0
DA:73,0
DA:74,0
DA:76,0
DA:77,0
DA:82,0
DA:83,0
DA:85,0
DA:87,0
DA:88,0
DA:95,0
DA:96,0
DA:103,0
DA:104,0
DA:107,0
DA:108,0
DA:109,0
DA:110,0
DA:112,0
DA:115,0
DA:117,0
DA:118,0
DA:119,0
DA:120,0
DA:121,0
DA:123,0
DA:125,0
DA:129,0
DA:130,0
DA:132,0
DA:134,0
DA:135,0
DA:146,0
DA:148,0
DA:150,0
DA:151,0
DA:152,0
DA:153,0
DA:155,0
DA:158,0
DA:159,0
DA:163,0
DA:164,0
DA:166,0
DA:175,0
DA:177,0
DA:178,0
DA:179,0
DA:182,0
DA:185,0
DA:187,0
DA:188,0
DA:191,0
DA:192,0
DA:193,0
DA:194,0
DA:197,0
DA:198,0
DA:204,0
DA:206,0
DA:210,0
DA:212,0
DA:214,0
DA:220,0
DA:221,0
DA:229,0
DA:230,0
DA:231,0
DA:234,0
DA:235,0
DA:237,0
DA:238,0
DA:240,0
DA:241,0
DA:249,0
DA:250,0
DA:265,0
DA:271,0
DA:274,0
DA:275,0
DA:276,0
DA:277,0
DA:278,0
DA:279,0
DA:280,0
DA:282,0
DA:290,0
DA:296,0
DA:303,0
DA:304,0
DA:305,0
DA:313,0
DA:317,0
DA:323,0
DA:325,0
DA:326,0
DA:334,0
DA:335,0
DA:336,0
DA:338,0
DA:339,0
DA:341,0
DA:342,0
DA:343,0
DA:344,0
DA:346,0
DA:347,0
DA:348,0
DA:350,0
DA:352,0
DA:353,0
DA:358,0
DA:365,0
DA:366,0
DA:374,0
DA:375,0
DA:376,0
DA:378,0
DA:379,0
DA:380,0
DA:381,0
DA:383,0
DA:384,0
DA:385,0
DA:388,0
DA:392,0
DA:393,0
DA:394,0
DA:395,0
DA:398,0
DA:401,0
DA:413,0
DA:415,0
DA:417,0
DA:418,0
DA:430,0
DA:432,0
DA:433,0
DA:434,0
DA:436,0
DA:437,0
DA:441,0
DA:444,0
DA:446,0
DA:447,0
DA:448,0
DA:449,0
DA:450,0
DA:452,0
DA:453,0
DA:456,0
DA:457,0
DA:459,0
DA:461,0
DA:465,0
DA:466,0
DA:467,0
DA:469,0
DA:470,0
DA:480,0
DA:488,0
DA:489,0
DA:497,0
DA:498,0
DA:499,0
DA:501,0
DA:509,0
DA:511,0
DA:512,0
DA:513,0
DA:514,0
DA:515,0
DA:518,0
DA:520,0
DA:524,0
DA:528,4
LF:204
LH:12
BRDA:15,0,0,4
BRDA:15,0,1,4
BRDA:26,1,0,0
BRDA:26,1,1,0
BRDA:36,2,0,0
BRDA:38,3,0,0
BRDA:39,4,0,0
BRDA:40,5,0,0
BRDA:72,6,0,0
BRDA:72,6,1,0
BRDA:107,7,0,0
BRDA:107,7,1,0
BRDA:142,8,0,0
BRDA:144,9,0,0
BRDA:145,10,0,0
BRDA:151,11,0,0
BRDA:151,11,1,0
BRDA:175,12,0,0
BRDA:175,12,1,0
BRDA:187,13,0,0
BRDA:187,13,1,0
BRDA:191,14,0,0
BRDA:191,14,1,0
BRDA:197,15,0,0
BRDA:197,15,1,0
BRDA:229,16,0,0
BRDA:229,16,1,0
BRDA:285,17,0,0
BRDA:285,17,1,0
BRDA:293,18,0,0
BRDA:293,18,1,0
BRDA:310,19,0,0
BRDA:310,19,1,0
BRDA:333,20,0,0
BRDA:342,21,0,0
BRDA:342,21,1,0
BRDA:346,22,0,0
BRDA:346,22,1,0
BRDA:347,23,0,0
BRDA:347,23,1,0
BRDA:379,24,0,0
BRDA:379,24,1,0
BRDA:385,25,0,0
BRDA:385,25,1,0
BRDA:392,26,0,0
BRDA:392,26,1,0
BRDA:425,27,0,0
BRDA:427,28,0,0
BRDA:428,29,0,0
BRDA:429,30,0,0
BRDA:436,31,0,0
BRDA:436,31,1,0
BRDA:441,32,0,0
BRDA:441,32,1,0
BRDA:449,33,0,0
BRDA:449,33,1,0
BRDA:449,34,0,0
BRDA:449,34,1,0
BRDA:452,35,0,0
BRDA:452,35,1,0
BRDA:456,36,0,0
BRDA:456,36,1,0
BRDA:456,37,0,0
BRDA:456,37,1,0
BRDA:456,37,2,0
BRDA:465,38,0,0
BRDA:465,38,1,0
BRDA:508,39,0,0
BRF:68
BRH:2
end_of_record
